\BOOKMARK [0][-]{chapter*.2}{\376\377\000W\000e\000l\000c\000o\000m\000e}{}% 1
\BOOKMARK [1][-]{section*.3}{\376\377\000C\000o\000u\000r\000s\000e\000\040\000N\000o\000t\000e\000s}{chapter*.2}% 2
\BOOKMARK [0][-]{chapter.1}{\376\377\000T\000h\000e\000\040\000N\000a\000t\000u\000r\000e\000\040\000o\000f\000\040\000M\000o\000r\000a\000l\000\040\000I\000n\000q\000u\000i\000r\000y}{}% 3
\BOOKMARK [1][-]{section*.7}{\376\377\000O\000v\000e\000r\000v\000i\000e\000w}{chapter.1}% 4
\BOOKMARK [1][-]{section*.8}{\376\377\000T\000o\000p\000i\000c\000s}{chapter.1}% 5
\BOOKMARK [1][-]{section*.14}{\376\377\000D\000e\000v\000e\000l\000o\000p\000i\000n\000g\000\040\000a\000\040\000M\000o\000r\000a\000l\000\040\000O\000u\000t\000l\000o\000o\000k}{chapter.1}% 6
\BOOKMARK [1][-]{section*.16}{\376\377\000M\000o\000r\000a\000l\000\040\000R\000e\000a\000s\000o\000n\000i\000n\000g}{chapter.1}% 7
\BOOKMARK [1][-]{section*.20}{\376\377\000C\000u\000l\000t\000u\000r\000a\000l\000\040\000R\000e\000l\000a\000t\000i\000v\000i\000s\000m}{chapter.1}% 8
\BOOKMARK [1][-]{section*.24}{\376\377\000A\000s\000s\000e\000s\000s\000m\000e\000n\000t}{chapter.1}% 9
\BOOKMARK [1][-]{section*.29}{\376\377\000C\000h\000e\000c\000k\000i\000n\000g\000\040\000y\000o\000u\000r\000\040\000L\000e\000a\000r\000n\000i\000n\000g}{chapter.1}% 10
\BOOKMARK [0][-]{chapter.2}{\376\377\000F\000o\000u\000n\000d\000a\000t\000i\000o\000n\000a\000l\000\040\000M\000o\000r\000a\000l\000\040\000C\000o\000n\000c\000e\000p\000t\000s}{}% 11
\BOOKMARK [1][-]{section*.30}{\376\377\000O\000v\000e\000r\000v\000i\000e\000w}{chapter.2}% 12
\BOOKMARK [1][-]{section*.31}{\376\377\000T\000o\000p\000i\000c\000s}{chapter.2}% 13
\BOOKMARK [1][-]{section*.56}{\376\377\000C\000h\000e\000c\000k\000i\000n\000g\000\040\000y\000o\000u\000r\000\040\000L\000e\000a\000r\000n\000i\000n\000g}{chapter.2}% 14
\BOOKMARK [0][-]{chapter.3}{\376\377\000W\000h\000y\000\040\000B\000e\000\040\000M\000o\000r\000a\000l\000?}{}% 15
\BOOKMARK [1][-]{section*.57}{\376\377\000O\000v\000e\000r\000v\000i\000e\000w}{chapter.3}% 16
\BOOKMARK [1][-]{section*.58}{\376\377\000T\000o\000p\000i\000c\000s}{chapter.3}% 17
\BOOKMARK [1][-]{section*.80}{\376\377\000C\000h\000e\000c\000k\000i\000n\000g\000\040\000y\000o\000u\000r\000\040\000L\000e\000a\000r\000n\000i\000n\000g}{chapter.3}% 18
\BOOKMARK [0][-]{chapter.4}{\376\377\000H\000o\000w\000\040\000t\000o\000\040\000D\000e\000t\000e\000r\000m\000i\000n\000e\000\040\000W\000h\000a\000t\000\040\000i\000s\000\040\000M\000o\000r\000a\000l}{}% 19
\BOOKMARK [1][-]{section*.81}{\376\377\000O\000v\000e\000r\000v\000i\000e\000w}{chapter.4}% 20
\BOOKMARK [1][-]{section*.82}{\376\377\000T\000o\000p\000i\000c\000s}{chapter.4}% 21
\BOOKMARK [1][-]{section*.94}{\376\377\000T\000o\000p\000i\000c\000\040\0002\000:\000\040\000U\000t\000i\000l\000i\000t\000a\000r\000i\000a\000n\000i\000s\000m}{chapter.4}% 22
\BOOKMARK [1][-]{section*.106}{\376\377\000C\000h\000e\000c\000k\000i\000n\000g\000\040\000y\000o\000u\000r\000\040\000L\000e\000a\000r\000n\000i\000n\000g}{chapter.4}% 23
\BOOKMARK [0][-]{chapter.5}{\376\377\000F\000r\000e\000e\000\040\000S\000p\000e\000e\000c\000h\000\040\000a\000n\000d\000\040\000i\000t\000s\000\040\000L\000i\000m\000i\000t\000s}{}% 24
\BOOKMARK [1][-]{section*.107}{\376\377\000O\000v\000e\000r\000v\000i\000e\000w}{chapter.5}% 25
\BOOKMARK [1][-]{section*.108}{\376\377\000T\000o\000p\000i\000c\000s}{chapter.5}% 26
\BOOKMARK [1][-]{section*.116}{\376\377\000A\000\040\000M\000o\000r\000a\000l\000\040\000F\000o\000u\000n\000d\000a\000t\000i\000o\000n\000\040\000f\000o\000r\000\040\000F\000r\000e\000e\000\040\000S\000p\000e\000e\000c\000h}{chapter.5}% 27
\BOOKMARK [1][-]{section*.119}{\376\377\000P\000o\000r\000n\000o\000g\000r\000a\000p\000h\000y\000\040\000a\000n\000d\000\040\000L\000i\000m\000i\000t\000s\000\040\000o\000n\000\040\000F\000r\000e\000e\000\040\000S\000p\000e\000e\000c\000h}{chapter.5}% 28
\BOOKMARK [1][-]{section*.127}{\376\377\000C\000h\000e\000c\000k\000i\000n\000g\000\040\000y\000o\000u\000r\000\040\000L\000e\000a\000r\000n\000i\000n\000g}{chapter.5}% 29
\BOOKMARK [0][-]{chapter.6}{\376\377\000S\000e\000x\000u\000a\000l\000\040\000M\000o\000r\000a\000l\000i\000t\000y}{}% 30
\BOOKMARK [1][-]{section*.128}{\376\377\000O\000v\000e\000r\000v\000i\000e\000w}{chapter.6}% 31
\BOOKMARK [1][-]{section*.136}{\376\377\000D\000a\000t\000e\000\040\000R\000a\000p\000e}{chapter.6}% 32
\BOOKMARK [1][-]{section*.139}{\376\377\000A\000l\000c\000o\000h\000o\000l\000\040\000\046\000\040\000R\000a\000p\000e}{chapter.6}% 33
\BOOKMARK [1][-]{section*.142}{\376\377\000H\000o\000o\000k\000u\000p\000\040\000C\000u\000l\000t\000u\000r\000e}{chapter.6}% 34
\BOOKMARK [1][-]{section*.146}{\376\377\000A\000s\000s\000e\000s\000s\000m\000e\000n\000t}{chapter.6}% 35
\BOOKMARK [1][-]{section*.148}{\376\377\000C\000h\000e\000c\000k\000i\000n\000g\000\040\000y\000o\000u\000r\000\040\000L\000e\000a\000r\000n\000i\000n\000g}{chapter.6}% 36
\BOOKMARK [0][-]{chapter.7}{\376\377\000A\000n\000i\000m\000a\000l\000\040\000R\000i\000g\000h\000t\000s}{}% 37
\BOOKMARK [1][-]{section*.149}{\376\377\000O\000v\000e\000r\000v\000i\000e\000w}{chapter.7}% 38
\BOOKMARK [1][-]{section*.159}{\376\377\000A\000r\000e\000\040\000A\000n\000i\000m\000a\000l\000s\000\040\000S\000e\000l\000f\000-\000A\000w\000a\000r\000e\000?}{chapter.7}% 39
\BOOKMARK [1][-]{section*.162}{\376\377\000D\000o\000\040\000W\000e\000\040\000P\000r\000a\000c\000t\000i\000c\000e\000\040\000S\000p\000e\000c\000i\000e\000s\000i\000s\000m\000?}{chapter.7}% 40
\BOOKMARK [1][-]{section*.165}{\376\377\000A\000n\000i\000m\000a\000l\000s\000-\000D\000o\000-\000N\000o\000t\000-\000H\000a\000v\000e\000-\000R\000i\000g\000h\000t\000s\000-\000B\000u\000t\000.\000\040\000.\000\040\000.}{chapter.7}% 41
\BOOKMARK [1][-]{section*.171}{\376\377\000A\000s\000s\000e\000s\000s\000m\000e\000n\000t}{chapter.7}% 42
\BOOKMARK [1][-]{section*.175}{\376\377\000C\000h\000e\000c\000k\000i\000n\000g\000\040\000y\000o\000u\000r\000\040\000L\000e\000a\000r\000n\000i\000n\000g}{chapter.7}% 43
\BOOKMARK [0][-]{chapter.8}{\376\377\000E\000n\000d\000-\000o\000f\000-\000L\000i\000f\000e\000\040\000M\000o\000r\000a\000l\000\040\000D\000i\000l\000e\000m\000m\000a\000s}{}% 44
\BOOKMARK [1][-]{section*.176}{\376\377\000O\000v\000e\000r\000v\000i\000e\000w}{chapter.8}% 45
\BOOKMARK [1][-]{section*.185}{\376\377\000A\000c\000t\000i\000v\000e\000\040\000\046\000\040\000P\000a\000s\000s\000i\000v\000e\000\040\000E\000u\000t\000h\000a\000n\000a\000s\000i\000a}{chapter.8}% 46
\BOOKMARK [1][-]{section*.188}{\376\377\000C\000a\000p\000i\000t\000a\000l\000\040\000P\000u\000n\000i\000s\000h\000m\000e\000n\000t\000:\000\040\000A\000\040\000D\000e\000f\000e\000n\000s\000e}{chapter.8}% 47
\BOOKMARK [1][-]{section*.190}{\376\377\000H\000o\000w\000\040\000t\000o\000\040\000r\000e\000a\000s\000o\000n\000\040\000e\000t\000h\000i\000c\000a\000l\000l\000y\000\040\000a\000b\000o\000u\000t\000\040\000C\000a\000p\000i\000t\000a\000l\000\040\000P\000u\000n\000i\000s\000h\000m\000e\000n\000t}{chapter.8}% 48
\BOOKMARK [1][-]{section*.195}{\376\377\000A\000s\000s\000e\000s\000s\000m\000e\000n\000t}{chapter.8}% 49
\BOOKMARK [1][-]{section*.198}{\376\377\000C\000h\000e\000c\000k\000i\000n\000g\000\040\000y\000o\000u\000r\000\040\000L\000e\000a\000r\000n\000i\000n\000g}{chapter.8}% 50
\BOOKMARK [0][-]{chapter.9}{\376\377\000T\000h\000e\000\040\000E\000t\000h\000i\000c\000s\000\040\000o\000f\000\040\000T\000o\000r\000t\000u\000r\000e\000\040\000a\000n\000d\000\040\000T\000e\000r\000r\000o\000r\000i\000s\000m}{}% 51
\BOOKMARK [1][-]{section*.199}{\376\377\000O\000v\000e\000r\000v\000i\000e\000w}{chapter.9}% 52
\BOOKMARK [1][-]{section*.208}{\376\377\000I\000s\000\040\000T\000o\000r\000t\000u\000r\000e\000\040\000E\000v\000e\000r\000\040\000J\000u\000s\000t\000i\000f\000i\000e\000d\000?}{chapter.9}% 53
\BOOKMARK [1][-]{section*.211}{\376\377\000A\000\040\000R\000a\000t\000i\000o\000n\000a\000l\000e\000\040\000f\000o\000r\000\040\000T\000e\000r\000r\000o\000r\000i\000s\000m\000:\000\040\000A\000\040\000R\000e\000s\000p\000o\000n\000s\000e}{chapter.9}% 54
\BOOKMARK [1][-]{section*.216}{\376\377\000A\000s\000s\000e\000s\000s\000m\000e\000n\000t}{chapter.9}% 55
\BOOKMARK [1][-]{section*.220}{\376\377\000C\000h\000e\000c\000k\000i\000n\000g\000\040\000y\000o\000u\000r\000\040\000L\000e\000a\000r\000n\000i\000n\000g}{chapter.9}% 56
\BOOKMARK [0][-]{chapter.10}{\376\377\000W\000o\000r\000l\000d\000\040\000H\000u\000n\000g\000e\000r\000\040\000a\000n\000d\000\040\000F\000o\000r\000e\000i\000g\000n\000\040\000A\000i\000d}{}% 57
\BOOKMARK [1][-]{section*.221}{\376\377\000O\000v\000e\000r\000v\000i\000e\000w}{chapter.10}% 58
\BOOKMARK [1][-]{section*.231}{\376\377\000A\000\040\000P\000r\000o\000p\000o\000s\000e\000d\000\040\000B\000a\000s\000i\000s\000\040\000f\000o\000r\000\040\000M\000o\000r\000a\000l\000\040\000O\000b\000l\000i\000g\000a\000t\000i\000o\000n}{chapter.10}% 59
\BOOKMARK [1][-]{section*.234}{\376\377\000D\000o\000e\000s\000\040\000o\000u\000r\000\040\000a\000i\000d\000\040\000h\000e\000l\000p\000\040\000o\000r\000\040\000h\000u\000r\000t\000?}{chapter.10}% 60
\BOOKMARK [1][-]{section*.238}{\376\377\000H\000o\000w\000\040\000t\000o\000\040\000t\000h\000i\000n\000k\000\040\000a\000b\000o\000u\000t\000\040\000m\000o\000r\000a\000l\000\040\000o\000b\000l\000i\000g\000a\000t\000i\000o\000n\000\040\000t\000o\000\040\000t\000h\000o\000s\000e\000\040\000i\000n\000\040\000n\000e\000e\000d}{chapter.10}% 61
\BOOKMARK [1][-]{section*.243}{\376\377\000A\000s\000s\000e\000s\000s\000m\000e\000n\000t}{chapter.10}% 62
\BOOKMARK [1][-]{section*.248}{\376\377\000C\000h\000e\000c\000k\000i\000n\000g\000\040\000y\000o\000u\000r\000\040\000L\000e\000a\000r\000n\000i\000n\000g}{chapter.10}% 63
\BOOKMARK [0][-]{chapter.11}{\376\377\000C\000o\000u\000r\000s\000e\000\040\000C\000a\000f\000\351}{}% 64
\BOOKMARK [0][-]{chapter*.249}{\376\377\000R\000e\000f\000e\000r\000e\000n\000c\000e\000s}{}% 65
